android/app/build/intermediates/manifest_merge_blame_file/debug/manifest-merger-blame-debug-report.txt
1<?xml version="1.0" encoding="utf-8"?>
2<manifest xmlns:android="http://schemas.android.com/apk/res/android"
3    package="com.patirti"
4    android:versionCode="4950"
5    android:versionName="4.9.5" >
6
7    <uses-sdk
8        android:minSdkVersion="16"
9        android:targetSdkVersion="28" />
10
11    <uses-permission android:name="android.permission.SYSTEM_ALERT_WINDOW" />
11-->src/debug/AndroidManifest.xml:5:5-77
11-->src/debug/AndroidManifest.xml:5:22-75
12    <uses-permission android:name="android.permission.ACCESS_FINE_LOCATION" />
12-->src/main/AndroidManifest.xml:38:5-79
12-->src/main/AndroidManifest.xml:38:22-76
13    <uses-permission android:name="android.permission.INTERNET" />
13-->src/main/AndroidManifest.xml:39:5-67
13-->src/main/AndroidManifest.xml:39:22-64
14    <uses-permission android:name="android.permission.WAKE_LOCK" />
14-->[:react-native-firebase] AndroidManifest.xml:12:5-68
14-->[:react-native-firebase] AndroidManifest.xml:12:22-65
15    <uses-permission android:name="android.permission.ACCESS_NETWORK_STATE" />
15-->[:react-native-firebase] AndroidManifest.xml:13:5-79
15-->[:react-native-firebase] AndroidManifest.xml:13:22-76
16    <uses-permission android:name="android.permission.ACCESS_WIFI_STATE" /> <!-- Required by older versions of Google Play services to create IID tokens -->
16-->[:react-native-smartlock] AndroidManifest.xml:13:5-76
16-->[:react-native-smartlock] AndroidManifest.xml:13:22-73
17    <uses-permission android:name="com.google.android.c2dm.permission.RECEIVE" />
17-->[com.google.android.gms:play-services-iid:17.0.0] AndroidManifest.xml:23:5-82
17-->[com.google.android.gms:play-services-iid:17.0.0] AndroidManifest.xml:23:22-79
18    <uses-permission android:name="com.google.android.finsky.permission.BIND_GET_INSTALL_REFERRER_SERVICE" />
18-->[com.google.android.gms:play-services-measurement:16.5.0] AndroidManifest.xml:26:5-110
18-->[com.google.android.gms:play-services-measurement:16.5.0] AndroidManifest.xml:26:22-107
19    <uses-permission android:name="android.permission.WRITE_EXTERNAL_STORAGE" />
20    <uses-permission android:name="android.permission.READ_PHONE_STATE" />
21    <uses-permission android:name="android.permission.READ_EXTERNAL_STORAGE" />
22
23    <application
23-->src/main/AndroidManifest.xml:4:5-37:19
24        android:name="com.patirti.MainApplication"
24-->src/main/AndroidManifest.xml:5:9-40
25        android:allowBackup="true"
25-->[com.useinsider:insider:10.0.7] AndroidManifest.xml:12:9-35
26        android:appComponentFactory="androidx.core.app.CoreComponentFactory"
26-->[androidx.core:core:1.1.0] AndroidManifest.xml:24:18-86
27        android:debuggable="true"
28        android:icon="@mipmap/ic_launcher"
28-->src/main/AndroidManifest.xml:6:9-43
29        android:label="@string/app_name"
29-->src/main/AndroidManifest.xml:7:9-41
30        android:largeHeap="true"
30-->src/main/AndroidManifest.xml:8:9-33
31        android:roundIcon="@mipmap/ic_launcher_round"
31-->src/main/AndroidManifest.xml:9:9-54
32        android:supportsRtl="true"
32-->src/main/AndroidManifest.xml:10:9-35
33        android:theme="@style/AppTheme"
33-->src/main/AndroidManifest.xml:11:9-40
34        android:usesCleartextTraffic="true" >
34-->src/main/AndroidManifest.xml:12:9-44
35        <activity
35-->src/main/AndroidManifest.xml:13:9-31:20
36            android:name="com.patirti.MainActivity"
36-->src/main/AndroidManifest.xml:14:13-41
37            android:configChanges="keyboard|keyboardHidden|orientation|screenSize"
37-->src/main/AndroidManifest.xml:15:13-83
38            android:label="@string/app_name"
38-->src/main/AndroidManifest.xml:16:13-45
39            android:launchMode="singleTask"
39-->src/main/AndroidManifest.xml:17:13-44
40            android:windowSoftInputMode="adjustResize" >
40-->src/main/AndroidManifest.xml:18:13-55
41            <intent-filter>
41-->src/main/AndroidManifest.xml:19:13-22:29
42                <action android:name="android.intent.action.MAIN" />
42-->src/main/AndroidManifest.xml:20:17-69
42-->src/main/AndroidManifest.xml:20:25-66
43
44                <category android:name="android.intent.category.LAUNCHER" />
44-->src/main/AndroidManifest.xml:21:17-77
44-->src/main/AndroidManifest.xml:21:27-74
45            </intent-filter>
46            <intent-filter>
46-->src/main/AndroidManifest.xml:23:13-30:29
47                <action android:name="android.intent.action.VIEW" />
47-->src/main/AndroidManifest.xml:24:17-69
47-->src/main/AndroidManifest.xml:24:25-66
48
49                <category android:name="android.intent.category.DEFAULT" />
49-->src/main/AndroidManifest.xml:26:17-76
49-->src/main/AndroidManifest.xml:26:27-73
50                <category android:name="android.intent.category.BROWSABLE" />
50-->src/main/AndroidManifest.xml:27:17-78
50-->src/main/AndroidManifest.xml:27:27-75
51                <!-- Accepts URIs that begin with "example://gizmos” -->
52                <data android:scheme="patirti" />
52-->src/main/AndroidManifest.xml:29:17-50
52-->src/main/AndroidManifest.xml:29:23-47
53            </intent-filter>
54        </activity>
55        <activity android:name="com.facebook.react.devsupport.DevSettingsActivity" />
55-->src/main/AndroidManifest.xml:32:9-86
55-->src/main/AndroidManifest.xml:32:19-83
56
57        <meta-data
57-->src/main/AndroidManifest.xml:34:9-36:55
58            android:name="com.facebook.sdk.ApplicationId"
58-->src/main/AndroidManifest.xml:35:13-58
59            android:value="@string/facebook_app_id" />
59-->src/main/AndroidManifest.xml:36:13-52
60
61        <service
61-->[:react-native-firebase] AndroidManifest.xml:16:9-20:19
62            android:name="com.google.firebase.components.ComponentDiscoveryService"
62-->[:react-native-firebase] AndroidManifest.xml:16:18-89
63            android:exported="false" >
63-->[com.google.android.gms:play-services-measurement-api:16.5.0] AndroidManifest.xml:29:13-37
64            <meta-data
64-->[:react-native-firebase] AndroidManifest.xml:17:13-19:85
65                android:name="com.google.firebase.components:io.invertase.firebase.ReactNativeFirebaseAppRegistrar"
65-->[:react-native-firebase] AndroidManifest.xml:18:17-116
66                android:value="com.google.firebase.components.ComponentRegistrar" />
66-->[:react-native-firebase] AndroidManifest.xml:19:17-82
67            <meta-data
67-->[com.google.firebase:firebase-config:17.0.0] AndroidManifest.xml:9:13-11:85
68                android:name="com.google.firebase.components:com.google.firebase.remoteconfig.RemoteConfigRegistrar"
68-->[com.google.firebase:firebase-config:17.0.0] AndroidManifest.xml:10:17-117
69                android:value="com.google.firebase.components.ComponentRegistrar" />
69-->[com.google.firebase:firebase-config:17.0.0] AndroidManifest.xml:11:17-82
70            <meta-data
70-->[com.google.android.gms:play-services-measurement-api:16.5.0] AndroidManifest.xml:30:13-32:85
71                android:name="com.google.firebase.components:com.google.firebase.analytics.connector.internal.AnalyticsConnectorRegistrar"
71-->[com.google.android.gms:play-services-measurement-api:16.5.0] AndroidManifest.xml:31:17-139
72                android:value="com.google.firebase.components.ComponentRegistrar" />
72-->[com.google.android.gms:play-services-measurement-api:16.5.0] AndroidManifest.xml:32:17-82
73            <meta-data
73-->[com.google.firebase:firebase-iid:20.0.0] AndroidManifest.xml:32:13-34:85
74                android:name="com.google.firebase.components:com.google.firebase.iid.Registrar"
74-->[com.google.firebase:firebase-iid:20.0.0] AndroidManifest.xml:33:17-96
75                android:value="com.google.firebase.components.ComponentRegistrar" />
75-->[com.google.firebase:firebase-iid:20.0.0] AndroidManifest.xml:34:17-82
76            <meta-data
76-->[com.google.firebase:firebase-abt:17.1.1] AndroidManifest.xml:9:13-11:85
77                android:name="com.google.firebase.components:com.google.firebase.abt.component.AbtRegistrar"
77-->[com.google.firebase:firebase-abt:17.1.1] AndroidManifest.xml:10:17-109
78                android:value="com.google.firebase.components.ComponentRegistrar" />
78-->[com.google.firebase:firebase-abt:17.1.1] AndroidManifest.xml:11:17-82
79        </service>
80
81        <receiver
81-->[:react-native-device-info] AndroidManifest.xml:12:9-19:20
82            android:name="com.learnium.RNDeviceInfo.RNDeviceReceiver"
82-->[:react-native-device-info] AndroidManifest.xml:13:13-70
83            android:enabled="true"
83-->[:react-native-device-info] AndroidManifest.xml:14:13-35
84            android:exported="true" >
84-->[:react-native-device-info] AndroidManifest.xml:15:13-36
85            <intent-filter>
85-->[:react-native-device-info] AndroidManifest.xml:16:13-18:29
86                <action android:name="com.android.vending.INSTALL_REFERRER" />
86-->[:react-native-device-info] AndroidManifest.xml:17:17-79
86-->[:react-native-device-info] AndroidManifest.xml:17:25-76
87            </intent-filter>
88        </receiver>
89
90        <provider
90-->[:react-native-webview] AndroidManifest.xml:12:9-20:20
91            android:name="com.reactnativecommunity.webview.RNCWebViewFileProvider"
91-->[:react-native-webview] AndroidManifest.xml:13:13-83
92            android:authorities="com.patirti.fileprovider"
92-->[:react-native-webview] AndroidManifest.xml:14:13-64
93            android:exported="false"
93-->[:react-native-webview] AndroidManifest.xml:15:13-37
94            android:grantUriPermissions="true" >
94-->[:react-native-webview] AndroidManifest.xml:16:13-47
95            <meta-data
95-->[:react-native-webview] AndroidManifest.xml:17:13-19:63
96                android:name="android.support.FILE_PROVIDER_PATHS"
96-->[:react-native-webview] AndroidManifest.xml:18:17-67
97                android:resource="@xml/file_provider_paths" />
97-->[:react-native-webview] AndroidManifest.xml:19:17-60
98        </provider>
99
100        <activity
100-->[com.google.android.gms:play-services-auth:17.0.0] AndroidManifest.xml:23:9-27:75
101            android:name="com.google.android.gms.auth.api.signin.internal.SignInHubActivity"
101-->[com.google.android.gms:play-services-auth:17.0.0] AndroidManifest.xml:24:13-93
102            android:excludeFromRecents="true"
102-->[com.google.android.gms:play-services-auth:17.0.0] AndroidManifest.xml:25:13-46
103            android:exported="false"
103-->[com.google.android.gms:play-services-auth:17.0.0] AndroidManifest.xml:26:13-37
104            android:theme="@android:style/Theme.Translucent.NoTitleBar" />
104-->[com.google.android.gms:play-services-auth:17.0.0] AndroidManifest.xml:27:13-72
105        <!--
106            Service handling Google Sign-In user revocation. For apps that do not integrate with
107            Google Sign-In, this service will never be started.
108        -->
109        <service
109-->[com.google.android.gms:play-services-auth:17.0.0] AndroidManifest.xml:33:9-36:110
110            android:name="com.google.android.gms.auth.api.signin.RevocationBoundService"
110-->[com.google.android.gms:play-services-auth:17.0.0] AndroidManifest.xml:34:13-89
111            android:exported="true"
111-->[com.google.android.gms:play-services-auth:17.0.0] AndroidManifest.xml:35:13-36
112            android:permission="com.google.android.gms.auth.api.signin.permission.REVOCATION_NOTIFICATION" />
112-->[com.google.android.gms:play-services-auth:17.0.0] AndroidManifest.xml:36:13-107
113        <!--
114             FirebaseMessagingService performs security checks at runtime,
115             but set to not exported to explicitly avoid allowing another app to call it.
116        -->
117        <service
117-->[com.google.firebase:firebase-messaging:20.0.0] AndroidManifest.xml:28:9-34:19
118            android:name="com.google.firebase.messaging.FirebaseMessagingService"
118-->[com.google.firebase:firebase-messaging:20.0.0] AndroidManifest.xml:29:13-82
119            android:exported="false" >
119-->[com.google.firebase:firebase-messaging:20.0.0] AndroidManifest.xml:30:13-37
120            <intent-filter android:priority="-500" >
120-->[com.google.firebase:firebase-messaging:20.0.0] AndroidManifest.xml:31:13-33:29
120-->[com.google.firebase:firebase-messaging:20.0.0] AndroidManifest.xml:31:28-51
121                <action android:name="com.google.firebase.MESSAGING_EVENT" />
121-->[com.google.firebase:firebase-messaging:20.0.0] AndroidManifest.xml:32:17-78
121-->[com.google.firebase:firebase-messaging:20.0.0] AndroidManifest.xml:32:25-75
122            </intent-filter>
123        </service>
124
125        <receiver
125-->[com.google.firebase:firebase-iid:20.0.0] AndroidManifest.xml:37:9-44:20
126            android:name="com.google.firebase.iid.FirebaseInstanceIdReceiver"
126-->[com.google.firebase:firebase-iid:20.0.0] AndroidManifest.xml:38:13-78
127            android:exported="true"
127-->[com.google.firebase:firebase-iid:20.0.0] AndroidManifest.xml:39:13-36
128            android:permission="com.google.android.c2dm.permission.SEND" >
128-->[com.google.firebase:firebase-iid:20.0.0] AndroidManifest.xml:40:13-73
129            <intent-filter>
129-->[com.google.firebase:firebase-iid:20.0.0] AndroidManifest.xml:41:13-43:29
130                <action android:name="com.google.android.c2dm.intent.RECEIVE" />
130-->[com.google.firebase:firebase-iid:20.0.0] AndroidManifest.xml:42:17-81
130-->[com.google.firebase:firebase-iid:20.0.0] AndroidManifest.xml:42:25-78
131            </intent-filter>
132        </receiver>
133
134        <activity
134-->[com.google.android.gms:play-services-base:17.0.0] AndroidManifest.xml:23:9-26:75
135            android:name="com.google.android.gms.common.api.GoogleApiActivity"
135-->[com.google.android.gms:play-services-base:17.0.0] AndroidManifest.xml:24:13-79
136            android:exported="false"
136-->[com.google.android.gms:play-services-base:17.0.0] AndroidManifest.xml:25:13-37
137            android:theme="@android:style/Theme.Translucent.NoTitleBar" />
137-->[com.google.android.gms:play-services-base:17.0.0] AndroidManifest.xml:26:13-72
138        <activity
138-->[com.facebook.android:facebook-common:5.15.3] AndroidManifest.xml:30:9-33:66
139            android:name="com.facebook.FacebookActivity"
139-->[com.facebook.android:facebook-common:5.15.3] AndroidManifest.xml:31:13-57
140            android:configChanges="keyboard|keyboardHidden|screenLayout|screenSize|orientation"
140-->[com.facebook.android:facebook-common:5.15.3] AndroidManifest.xml:32:13-96
141            android:theme="@style/com_facebook_activity_theme" />
141-->[com.facebook.android:facebook-common:5.15.3] AndroidManifest.xml:33:13-63
142        <activity android:name="com.facebook.CustomTabMainActivity" />
142-->[com.facebook.android:facebook-common:5.15.3] AndroidManifest.xml:34:9-71
142-->[com.facebook.android:facebook-common:5.15.3] AndroidManifest.xml:34:19-68
143        <activity
143-->[com.facebook.android:facebook-common:5.15.3] AndroidManifest.xml:35:9-49:20
144            android:name="com.facebook.CustomTabActivity"
144-->[com.facebook.android:facebook-common:5.15.3] AndroidManifest.xml:36:13-58
145            android:exported="true" >
145-->[com.facebook.android:facebook-common:5.15.3] AndroidManifest.xml:37:13-36
146            <intent-filter>
146-->[com.facebook.android:facebook-common:5.15.3] AndroidManifest.xml:39:13-48:29
147                <action android:name="android.intent.action.VIEW" />
147-->src/main/AndroidManifest.xml:24:17-69
147-->src/main/AndroidManifest.xml:24:25-66
148
149                <category android:name="android.intent.category.DEFAULT" />
149-->src/main/AndroidManifest.xml:26:17-76
149-->src/main/AndroidManifest.xml:26:27-73
150                <category android:name="android.intent.category.BROWSABLE" />
150-->src/main/AndroidManifest.xml:27:17-78
150-->src/main/AndroidManifest.xml:27:27-75
151
152                <data
152-->src/main/AndroidManifest.xml:29:17-50
153                    android:host="cct.com.patirti"
154                    android:scheme="fbconnect" />
154-->src/main/AndroidManifest.xml:29:23-47
155            </intent-filter>
156        </activity>
157
158        <provider
158-->[com.google.firebase:firebase-common:19.0.0] AndroidManifest.xml:12:9-16:39
159            android:name="com.google.firebase.provider.FirebaseInitProvider"
159-->[com.google.firebase:firebase-common:19.0.0] AndroidManifest.xml:13:13-77
160            android:authorities="com.patirti.firebaseinitprovider"
160-->[com.google.firebase:firebase-common:19.0.0] AndroidManifest.xml:14:13-72
161            android:exported="false"
161-->[com.google.firebase:firebase-common:19.0.0] AndroidManifest.xml:15:13-37
162            android:initOrder="100" />
162-->[com.google.firebase:firebase-common:19.0.0] AndroidManifest.xml:16:13-36
163
164        <receiver
164-->[com.google.android.gms:play-services-measurement:16.5.0] AndroidManifest.xml:29:9-33:20
165            android:name="com.google.android.gms.measurement.AppMeasurementReceiver"
165-->[com.google.android.gms:play-services-measurement:16.5.0] AndroidManifest.xml:30:13-85
166            android:enabled="true"
166-->[com.google.android.gms:play-services-measurement:16.5.0] AndroidManifest.xml:31:13-35
167            android:exported="false" >
167-->[com.google.android.gms:play-services-measurement:16.5.0] AndroidManifest.xml:32:13-37
168        </receiver>
169        <receiver
169-->[com.google.android.gms:play-services-measurement:16.5.0] AndroidManifest.xml:34:9-42:20
170            android:name="com.google.android.gms.measurement.AppMeasurementInstallReferrerReceiver"
170-->[com.google.android.gms:play-services-measurement:16.5.0] AndroidManifest.xml:35:13-100
171            android:enabled="true"
171-->[com.google.android.gms:play-services-measurement:16.5.0] AndroidManifest.xml:36:13-35
172            android:exported="true"
172-->[com.google.android.gms:play-services-measurement:16.5.0] AndroidManifest.xml:37:13-36
173            android:permission="android.permission.INSTALL_PACKAGES" >
173-->[com.google.android.gms:play-services-measurement:16.5.0] AndroidManifest.xml:38:13-69
174            <intent-filter>
174-->[:react-native-device-info] AndroidManifest.xml:16:13-18:29
175                <action android:name="com.android.vending.INSTALL_REFERRER" />
175-->[:react-native-device-info] AndroidManifest.xml:17:17-79
175-->[:react-native-device-info] AndroidManifest.xml:17:25-76
176            </intent-filter>
177        </receiver>
178
179        <service
179-->[com.google.android.gms:play-services-measurement:16.5.0] AndroidManifest.xml:44:9-47:40
180            android:name="com.google.android.gms.measurement.AppMeasurementService"
180-->[com.google.android.gms:play-services-measurement:16.5.0] AndroidManifest.xml:45:13-84
181            android:enabled="true"
181-->[com.google.android.gms:play-services-measurement:16.5.0] AndroidManifest.xml:46:13-35
182            android:exported="false" />
182-->[com.google.android.gms:play-services-measurement:16.5.0] AndroidManifest.xml:47:13-37
183        <service
183-->[com.google.android.gms:play-services-measurement:16.5.0] AndroidManifest.xml:48:9-52:72
184            android:name="com.google.android.gms.measurement.AppMeasurementJobService"
184-->[com.google.android.gms:play-services-measurement:16.5.0] AndroidManifest.xml:49:13-87
185            android:enabled="true"
185-->[com.google.android.gms:play-services-measurement:16.5.0] AndroidManifest.xml:50:13-35
186            android:exported="false"
186-->[com.google.android.gms:play-services-measurement:16.5.0] AndroidManifest.xml:51:13-37
187            android:permission="android.permission.BIND_JOB_SERVICE" /> <!-- Include the AdActivity and InAppPurchaseActivity configChanges and themes. -->
187-->[com.google.android.gms:play-services-measurement:16.5.0] AndroidManifest.xml:52:13-69
188        <activity
188-->[com.google.android.gms:play-services-ads-lite:16.0.0] AndroidManifest.xml:29:9-33:64
189            android:name="com.google.android.gms.ads.AdActivity"
189-->[com.google.android.gms:play-services-ads-lite:16.0.0] AndroidManifest.xml:30:13-65
190            android:configChanges="keyboard|keyboardHidden|orientation|screenLayout|uiMode|screenSize|smallestScreenSize"
190-->[com.google.android.gms:play-services-ads-lite:16.0.0] AndroidManifest.xml:31:13-122
191            android:exported="false"
191-->[com.google.android.gms:play-services-ads-lite:16.0.0] AndroidManifest.xml:32:13-37
192            android:theme="@android:style/Theme.Translucent" />
192-->[com.google.android.gms:play-services-ads-lite:16.0.0] AndroidManifest.xml:33:13-61
193
194        <meta-data
194-->[com.google.android.gms:play-services-basement:17.0.0] AndroidManifest.xml:23:9-25:69
195            android:name="com.google.android.gms.version"
195-->[com.google.android.gms:play-services-basement:17.0.0] AndroidManifest.xml:24:13-58
196            android:value="@integer/google_play_services_version" />
196-->[com.google.android.gms:play-services-basement:17.0.0] AndroidManifest.xml:25:13-66
197        <!--
198         The initialization ContentProvider will call FacebookSdk.sdkInitialize automatically
199         with the application context. This config is merged in with the host app's manifest,
200         but there can only be one provider with the same authority activated at any given
201         point; so if the end user has two or more different apps that use Facebook SDK, only the
202         first one will be able to use the provider. To work around this problem, we use the
203         following placeholder in the authority to identify each host application as if it was
204         a completely different provider.
205        -->
206        <provider
206-->[com.facebook.android:facebook-core:5.15.3] AndroidManifest.xml:39:9-42:40
207            android:name="com.facebook.internal.FacebookInitProvider"
207-->[com.facebook.android:facebook-core:5.15.3] AndroidManifest.xml:40:13-70
208            android:authorities="com.patirti.FacebookInitProvider"
208-->[com.facebook.android:facebook-core:5.15.3] AndroidManifest.xml:41:13-72
209            android:exported="false" />
209-->[com.facebook.android:facebook-core:5.15.3] AndroidManifest.xml:42:13-37
210
211        <receiver
211-->[com.facebook.android:facebook-core:5.15.3] AndroidManifest.xml:44:9-50:20
212            android:name="com.facebook.CurrentAccessTokenExpirationBroadcastReceiver"
212-->[com.facebook.android:facebook-core:5.15.3] AndroidManifest.xml:45:13-86
213            android:exported="false" >
213-->[com.facebook.android:facebook-core:5.15.3] AndroidManifest.xml:46:13-37
214            <intent-filter>
214-->[com.facebook.android:facebook-core:5.15.3] AndroidManifest.xml:47:13-49:29
215                <action android:name="com.facebook.sdk.ACTION_CURRENT_ACCESS_TOKEN_CHANGED" />
215-->[com.facebook.android:facebook-core:5.15.3] AndroidManifest.xml:48:17-95
215-->[com.facebook.android:facebook-core:5.15.3] AndroidManifest.xml:48:25-92
216            </intent-filter>
217        </receiver>
218
219        <activity
219-->[com.useinsider:insider:10.0.7] AndroidManifest.xml:15:9-20:64
220            android:name="com.useinsider.insider.InsiderActivity"
220-->[com.useinsider:insider:10.0.7] AndroidManifest.xml:16:13-66
221            android:label="@string/app_name"
221-->[com.useinsider:insider:10.0.7] AndroidManifest.xml:17:13-45
222            android:launchMode="singleTask"
222-->[com.useinsider:insider:10.0.7] AndroidManifest.xml:18:13-44
223            android:noHistory="true"
223-->[com.useinsider:insider:10.0.7] AndroidManifest.xml:19:13-37
224            android:theme="@android:style/Theme.Translucent" />
224-->[com.useinsider:insider:10.0.7] AndroidManifest.xml:20:13-61
225        <activity
225-->[com.useinsider:insider:10.0.7] AndroidManifest.xml:21:9-27:58
226            android:name="com.useinsider.insider.InsiderInappActivity"
226-->[com.useinsider:insider:10.0.7] AndroidManifest.xml:22:13-71
227            android:label="@string/app_name"
227-->[com.useinsider:insider:10.0.7] AndroidManifest.xml:23:13-45
228            android:launchMode="singleTask"
228-->[com.useinsider:insider:10.0.7] AndroidManifest.xml:24:13-44
229            android:noHistory="true"
229-->[com.useinsider:insider:10.0.7] AndroidManifest.xml:25:13-37
230            android:theme="@android:style/Theme.Translucent.NoTitleBar"
230-->[com.useinsider:insider:10.0.7] AndroidManifest.xml:26:13-72
231            android:windowSoftInputMode="adjustResize" />
231-->[com.useinsider:insider:10.0.7] AndroidManifest.xml:27:13-55
232
233        <receiver android:name="com.useinsider.insider.InsiderGeofenceReceiver" />
233-->[com.useinsider:insider:10.0.7] AndroidManifest.xml:29:9-83
233-->[com.useinsider:insider:10.0.7] AndroidManifest.xml:29:19-80
234        <receiver
234-->[com.useinsider:insider:10.0.7] AndroidManifest.xml:30:9-36:20
235            android:name="com.useinsider.insider.InteractiveDirectionReceiver"
235-->[com.useinsider:insider:10.0.7] AndroidManifest.xml:31:13-79
236            android:exported="false" >
236-->[com.useinsider:insider:10.0.7] AndroidManifest.xml:32:13-37
237            <intent-filter>
237-->[com.useinsider:insider:10.0.7] AndroidManifest.xml:33:13-35:29
238                <action android:name="direction_clicked" />
238-->[com.useinsider:insider:10.0.7] AndroidManifest.xml:34:17-60
238-->[com.useinsider:insider:10.0.7] AndroidManifest.xml:34:25-57
239            </intent-filter>
240        </receiver>
241        <receiver
241-->[com.useinsider:insider:10.0.7] AndroidManifest.xml:37:9-43:20
242            android:name="com.useinsider.insider.DeleteInteractiveReceiver"
242-->[com.useinsider:insider:10.0.7] AndroidManifest.xml:38:13-76
243            android:exported="false" >
243-->[com.useinsider:insider:10.0.7] AndroidManifest.xml:39:13-37
244            <intent-filter>
244-->[com.useinsider:insider:10.0.7] AndroidManifest.xml:40:13-42:29
245                <action android:name="delete_interactive_broadcast" />
245-->[com.useinsider:insider:10.0.7] AndroidManifest.xml:41:17-71
245-->[com.useinsider:insider:10.0.7] AndroidManifest.xml:41:25-68
246            </intent-filter>
247        </receiver>
248        <receiver
248-->[com.useinsider:insider:10.0.7] AndroidManifest.xml:44:9-50:20
249            android:name="com.useinsider.insider.DeleteGifReceiver"
249-->[com.useinsider:insider:10.0.7] AndroidManifest.xml:45:13-68
250            android:exported="false" >
250-->[com.useinsider:insider:10.0.7] AndroidManifest.xml:46:13-37
251            <intent-filter>
251-->[com.useinsider:insider:10.0.7] AndroidManifest.xml:47:13-49:29
252                <action android:name="delete_seperate_gif_broadcast" />
252-->[com.useinsider:insider:10.0.7] AndroidManifest.xml:48:17-72
252-->[com.useinsider:insider:10.0.7] AndroidManifest.xml:48:25-69
253            </intent-filter>
254        </receiver>
255        <receiver
255-->[com.useinsider:insider:10.0.7] AndroidManifest.xml:51:9-57:20
256            android:name="com.useinsider.insider.GifPlayReceiver"
256-->[com.useinsider:insider:10.0.7] AndroidManifest.xml:52:13-66
257            android:exported="false" >
257-->[com.useinsider:insider:10.0.7] AndroidManifest.xml:53:13-37
258            <intent-filter>
258-->[com.useinsider:insider:10.0.7] AndroidManifest.xml:54:13-56:29
259                <action android:name="gif_play_clicked" />
259-->[com.useinsider:insider:10.0.7] AndroidManifest.xml:55:17-59
259-->[com.useinsider:insider:10.0.7] AndroidManifest.xml:55:25-56
260            </intent-filter>
261        </receiver>
262
263        <service
263-->[com.useinsider:insider:10.0.7] AndroidManifest.xml:59:9-65:19
264            android:name="com.useinsider.insider.GifPlayService"
264-->[com.useinsider:insider:10.0.7] AndroidManifest.xml:60:13-65
265            android:exported="false" >
265-->[com.useinsider:insider:10.0.7] AndroidManifest.xml:61:13-37
266            <intent-filter>
266-->[com.useinsider:insider:10.0.7] AndroidManifest.xml:62:13-64:29
267                <action android:name="gif_play_service" />
267-->[com.useinsider:insider:10.0.7] AndroidManifest.xml:63:17-59
267-->[com.useinsider:insider:10.0.7] AndroidManifest.xml:63:25-56
268            </intent-filter>
269        </service>
270        <service android:name="com.useinsider.insider.InsiderFirebaseMessagingService" >
270-->[com.useinsider:insider:10.0.7] AndroidManifest.xml:66:9-70:19
270-->[com.useinsider:insider:10.0.7] AndroidManifest.xml:66:18-87
271            <intent-filter>
271-->[com.google.firebase:firebase-messaging:20.0.0] AndroidManifest.xml:31:13-33:29
272                <action android:name="com.google.firebase.MESSAGING_EVENT" />
272-->[com.google.firebase:firebase-messaging:20.0.0] AndroidManifest.xml:32:17-78
272-->[com.google.firebase:firebase-messaging:20.0.0] AndroidManifest.xml:32:25-75
273            </intent-filter>
274        </service>
275        <service
275-->[com.useinsider:insider:10.0.7] AndroidManifest.xml:71:9-73:44
276            android:name="com.useinsider.insider.IntegrationWizard"
276-->[com.useinsider:insider:10.0.7] AndroidManifest.xml:72:13-68
277            android:stopWithTask="false" />
277-->[com.useinsider:insider:10.0.7] AndroidManifest.xml:73:13-41
278
279        <activity
279-->[com.useinsider:insider:10.0.7] AndroidManifest.xml:75:9-87:20
280            android:name="com.useinsider.insider.InsiderLoginActivity"
280-->[com.useinsider:insider:10.0.7] AndroidManifest.xml:76:13-71
281            android:exported="true"
281-->[com.useinsider:insider:10.0.7] AndroidManifest.xml:77:13-36
282            android:noHistory="true" >
282-->[com.useinsider:insider:10.0.7] AndroidManifest.xml:78:13-37
283            <intent-filter>
283-->[com.useinsider:insider:10.0.7] AndroidManifest.xml:79:13-86:29
284                <action android:name="android.intent.action.VIEW" />